<?xml version="1.0" encoding="UTF-8"?>
<testng-results ignored="0" total="1" passed="1" failed="0" skipped="0">
  <reporter-output>
  </reporter-output>
  <suite started-at="2025-05-09T18:23:15 IST" name="PrioritySuite" finished-at="2025-05-09T18:23:45 IST" duration-ms="29759">
    <groups>
    </groups>
    <test started-at="2025-05-09T18:23:15 IST" name="PriorityTest" finished-at="2025-05-09T18:23:45 IST" duration-ms="29759">
      <class name="Datman.tests.TC03_EnteredGreaterAmountTest">
        <test-method is-config="true" signature="setUpReport()[pri:0, instance:Datman.tests.TC03_EnteredGreaterAmountTest@25df00a0]" started-at="2025-05-09T18:23:15 IST" name="setUpReport" finished-at="2025-05-09T18:23:15 IST" duration-ms="3" status="PASS">
          <reporter-output>
          </reporter-output>
        </test-method> <!-- setUpReport -->
        <test-method is-config="true" signature="setUp()[pri:0, instance:Datman.tests.TC03_EnteredGreaterAmountTest@25df00a0]" started-at="2025-05-09T18:23:15 IST" name="setUp" finished-at="2025-05-09T18:23:18 IST" duration-ms="2965" status="PASS">
          <reporter-output>
          </reporter-output>
        </test-method> <!-- setUp -->
        <test-method signature="tc03_withdrawFailureTest()[pri:0, instance:Datman.tests.TC03_EnteredGreaterAmountTest@25df00a0]" started-at="2025-05-09T18:23:18 IST" name="tc03_withdrawFailureTest" finished-at="2025-05-09T18:23:40 IST" duration-ms="22408" status="PASS">
          <reporter-output>
          </reporter-output>
        </test-method> <!-- tc03_withdrawFailureTest -->
        <test-method is-config="true" signature="tearDown()[pri:0, instance:Datman.tests.TC03_EnteredGreaterAmountTest@25df00a0]" started-at="2025-05-09T18:23:40 IST" name="tearDown" finished-at="2025-05-09T18:23:45 IST" duration-ms="4209" status="PASS">
          <reporter-output>
          </reporter-output>
        </test-method> <!-- tearDown -->
      </class> <!-- Datman.tests.TC03_EnteredGreaterAmountTest -->
    </test> <!-- PriorityTest -->
  </suite> <!-- PrioritySuite -->
</testng-results>
